<?xml version="1.0" encoding="UTF-8"?>
<testng-results skipped="4" failed="0" ignored="0" total="6" passed="2">
  <reporter-output>
  </reporter-output>
  <suite name="Suite" duration-ms="48489" started-at="2020-08-22T19:17:31Z" finished-at="2020-08-22T19:18:20Z">
    <groups>
    </groups>
    <test name="hubspot test chrome" duration-ms="36269" started-at="2020-08-22T19:17:31Z" finished-at="2020-08-22T19:18:08Z">
      <class name="com.testPage.LoginPageTest">
        <test-method status="PASS" signature="setUpTest(java.lang.String)[pri:0, instance:com.testPage.LoginPageTest@1a8a8f7c]" name="setUpTest" is-config="true" duration-ms="27499" started-at="2020-08-22T19:17:31Z" finished-at="2020-08-22T19:17:59Z">
          <params>
            <param index="0">
              <value>
                <![CDATA[chrome]]>
              </value>
            </param>
          </params>
          <reporter-output>
          </reporter-output>
        </test-method> <!-- setUpTest -->
        <test-method status="PASS" signature="verifyLoginPageTitleTest()[pri:1, instance:com.testPage.LoginPageTest@1a8a8f7c]" name="verifyLoginPageTitleTest" duration-ms="3475" started-at="2020-08-22T19:17:59Z" finished-at="2020-08-22T19:18:02Z">
          <reporter-output>
          </reporter-output>
        </test-method> <!-- verifyLoginPageTitleTest -->
        <test-method status="PASS" signature="tearDown()[pri:0, instance:com.testPage.LoginPageTest@1a8a8f7c]" name="tearDown" is-config="true" duration-ms="1029" started-at="2020-08-22T19:18:02Z" finished-at="2020-08-22T19:18:03Z">
          <reporter-output>
          </reporter-output>
        </test-method> <!-- tearDown -->
        <test-method status="FAIL" signature="setUpTest(java.lang.String)[pri:0, instance:com.testPage.LoginPageTest@1a8a8f7c]" name="setUpTest" is-config="true" duration-ms="4169" started-at="2020-08-22T19:18:03Z" finished-at="2020-08-22T19:18:08Z">
          <params>
            <param index="0">
              <value>
                <![CDATA[chrome]]>
              </value>
            </param>
          </params>
          <exception class="org.openqa.selenium.SessionNotCreatedException">
            <message>
              <![CDATA[Unable to find provider for session: Capabilities {browserName: chrome}
Build info: version: '4.0.0-alpha-6', revision: '5f43a29cfc'
System info: host: '9669b422865f', ip: '172.18.0.2', os.name: 'Linux', os.arch: 'amd64', os.version: '4.19.76-linuxkit', java.version: '1.8.0_252'
Driver info: driver.version: unknown
Build info: version: '4.0.0-alpha-3', revision: '8c567de6dc'
System info: host: 'RSLPTP1013', ip: '192.168.1.156', os.name: 'Windows 10', os.arch: 'amd64', os.version: '10.0', java.version: '1.8.0_161'
Driver info: driver.version: RemoteWebDriver
remote stacktrace: org.openqa.selenium.SessionNotCreatedException: Unable to find provider for session: Capabilities {browserName: chrome}
Build info: version: '4.0.0-alpha-6', revision: '5f43a29cfc'
System info: host: '9669b422865f', ip: '172.18.0.2', os.name: 'Linux', os.arch: 'amd64', os.version: '4.19.76-linuxkit', java.version: '1.8.0_252'
Driver info: driver.version: unknown
at org.openqa.selenium.grid.distributor.local.LocalDistributor.lambda$newSession$4(LocalDistributor.java:167)
at java.util.Optional.orElseThrow(Optional.java:290)
at org.openqa.selenium.grid.distributor.local.LocalDistributor.newSession(LocalDistributor.java:161)
at org.openqa.selenium.grid.distributor.Distributor.lambda$new$0(Distributor.java:88)
at org.openqa.selenium.remote.http.Route$TemplatizedRoute.handle(Route.java:183)
at org.openqa.selenium.remote.http.Route.execute(Route.java:67)
at org.openqa.selenium.remote.http.Route$CombinedRoute.handle(Route.java:327)
at org.openqa.selenium.remote.http.Route.execute(Route.java:67)
at org.openqa.selenium.grid.distributor.Distributor.execute(Distributor.java:123)
at org.openqa.selenium.remote.tracing.SpanWrappedHttpHandler.execute(SpanWrappedHttpHandler.java:75)
at org.openqa.selenium.remote.http.Filter$1.execute(Filter.java:64)
at org.openqa.selenium.remote.http.Route$CombinedRoute.handle(Route.java:327)
at org.openqa.selenium.remote.http.Route.execute(Route.java:67)
at org.openqa.selenium.grid.router.Router.execute(Router.java:67)
at org.openqa.selenium.remote.http.Route$CombinedRoute.handle(Route.java:327)
at org.openqa.selenium.remote.http.Route.execute(Route.java:67)
at org.openqa.selenium.remote.http.Route$NestedRoute.handle(Route.java:261)
at org.openqa.selenium.remote.http.Route.execute(Route.java:67)
at org.openqa.selenium.remote.http.Route$CombinedRoute.handle(Route.java:327)
at org.openqa.selenium.remote.http.Route.execute(Route.java:67)
at org.openqa.selenium.grid.server.AddWebDriverSpecHeaders.lambda$apply$0(AddWebDriverSpecHeaders.java:30)
at org.openqa.selenium.grid.server.WrapExceptions.lambda$apply$0(WrapExceptions.java:36)
at org.openqa.selenium.remote.http.Filter$1.execute(Filter.java:64)
at org.openqa.selenium.netty.server.SeleniumHandler.lambda$channelRead0$0(SeleniumHandler.java:46)
at java.util.concurrent.Executors$RunnableAdapter.call(Executors.java:511)
at java.util.concurrent.FutureTask.run(FutureTask.java:266)
at java.util.concurrent.ThreadPoolExecutor.runWorker(ThreadPoolExecutor.java:1149)
at java.util.concurrent.ThreadPoolExecutor$Worker.run(ThreadPoolExecutor.java:624)
at java.lang.Thread.run(Thread.java:748)
]]>
            </message>
            <full-stacktrace>
              <![CDATA[org.openqa.selenium.SessionNotCreatedException: Unable to find provider for session: Capabilities {browserName: chrome}
Build info: version: '4.0.0-alpha-6', revision: '5f43a29cfc'
System info: host: '9669b422865f', ip: '172.18.0.2', os.name: 'Linux', os.arch: 'amd64', os.version: '4.19.76-linuxkit', java.version: '1.8.0_252'
Driver info: driver.version: unknown
Build info: version: '4.0.0-alpha-3', revision: '8c567de6dc'
System info: host: 'RSLPTP1013', ip: '192.168.1.156', os.name: 'Windows 10', os.arch: 'amd64', os.version: '10.0', java.version: '1.8.0_161'
Driver info: driver.version: RemoteWebDriver
remote stacktrace: org.openqa.selenium.SessionNotCreatedException: Unable to find provider for session: Capabilities {browserName: chrome}
Build info: version: '4.0.0-alpha-6', revision: '5f43a29cfc'
System info: host: '9669b422865f', ip: '172.18.0.2', os.name: 'Linux', os.arch: 'amd64', os.version: '4.19.76-linuxkit', java.version: '1.8.0_252'
Driver info: driver.version: unknown
at org.openqa.selenium.grid.distributor.local.LocalDistributor.lambda$newSession$4(LocalDistributor.java:167)
at java.util.Optional.orElseThrow(Optional.java:290)
at org.openqa.selenium.grid.distributor.local.LocalDistributor.newSession(LocalDistributor.java:161)
at org.openqa.selenium.grid.distributor.Distributor.lambda$new$0(Distributor.java:88)
at org.openqa.selenium.remote.http.Route$TemplatizedRoute.handle(Route.java:183)
at org.openqa.selenium.remote.http.Route.execute(Route.java:67)
at org.openqa.selenium.remote.http.Route$CombinedRoute.handle(Route.java:327)
at org.openqa.selenium.remote.http.Route.execute(Route.java:67)
at org.openqa.selenium.grid.distributor.Distributor.execute(Distributor.java:123)
at org.openqa.selenium.remote.tracing.SpanWrappedHttpHandler.execute(SpanWrappedHttpHandler.java:75)
at org.openqa.selenium.remote.http.Filter$1.execute(Filter.java:64)
at org.openqa.selenium.remote.http.Route$CombinedRoute.handle(Route.java:327)
at org.openqa.selenium.remote.http.Route.execute(Route.java:67)
at org.openqa.selenium.grid.router.Router.execute(Router.java:67)
at org.openqa.selenium.remote.http.Route$CombinedRoute.handle(Route.java:327)
at org.openqa.selenium.remote.http.Route.execute(Route.java:67)
at org.openqa.selenium.remote.http.Route$NestedRoute.handle(Route.java:261)
at org.openqa.selenium.remote.http.Route.execute(Route.java:67)
at org.openqa.selenium.remote.http.Route$CombinedRoute.handle(Route.java:327)
at org.openqa.selenium.remote.http.Route.execute(Route.java:67)
at org.openqa.selenium.grid.server.AddWebDriverSpecHeaders.lambda$apply$0(AddWebDriverSpecHeaders.java:30)
at org.openqa.selenium.grid.server.WrapExceptions.lambda$apply$0(WrapExceptions.java:36)
at org.openqa.selenium.remote.http.Filter$1.execute(Filter.java:64)
at org.openqa.selenium.netty.server.SeleniumHandler.lambda$channelRead0$0(SeleniumHandler.java:46)
at java.util.concurrent.Executors$RunnableAdapter.call(Executors.java:511)
at java.util.concurrent.FutureTask.run(FutureTask.java:266)
at java.util.concurrent.ThreadPoolExecutor.runWorker(ThreadPoolExecutor.java:1149)
at java.util.concurrent.ThreadPoolExecutor$Worker.run(ThreadPoolExecutor.java:624)
at java.lang.Thread.run(Thread.java:748)

at sun.reflect.NativeConstructorAccessorImpl.newInstance0(Native Method)
at sun.reflect.NativeConstructorAccessorImpl.newInstance(NativeConstructorAccessorImpl.java:62)
at sun.reflect.DelegatingConstructorAccessorImpl.newInstance(DelegatingConstructorAccessorImpl.java:45)
at java.lang.reflect.Constructor.newInstance(Constructor.java:423)
at org.openqa.selenium.remote.W3CHandshakeResponse.lambda$errorHandler$0(W3CHandshakeResponse.java:62)
at org.openqa.selenium.remote.HandshakeResponse.lambda$getResponseFunction$0(HandshakeResponse.java:30)
at org.openqa.selenium.remote.ProtocolHandshake.lambda$createSession$1(ProtocolHandshake.java:127)
at java.util.stream.ReferencePipeline$3$1.accept(ReferencePipeline.java:193)
at java.util.Spliterators$ArraySpliterator.tryAdvance(Spliterators.java:958)
at java.util.stream.ReferencePipeline.forEachWithCancel(ReferencePipeline.java:126)
at java.util.stream.AbstractPipeline.copyIntoWithCancel(AbstractPipeline.java:498)
at java.util.stream.AbstractPipeline.copyInto(AbstractPipeline.java:485)
at java.util.stream.AbstractPipeline.wrapAndCopyInto(AbstractPipeline.java:471)
at java.util.stream.FindOps$FindOp.evaluateSequential(FindOps.java:152)
at java.util.stream.AbstractPipeline.evaluate(AbstractPipeline.java:234)
at java.util.stream.ReferencePipeline.findFirst(ReferencePipeline.java:464)
at org.openqa.selenium.remote.ProtocolHandshake.createSession(ProtocolHandshake.java:129)
at org.openqa.selenium.remote.ProtocolHandshake.createSession(ProtocolHandshake.java:75)
at org.openqa.selenium.remote.HttpCommandExecutor.execute(HttpCommandExecutor.java:139)
at org.openqa.selenium.remote.RemoteWebDriver.execute(RemoteWebDriver.java:576)
at org.openqa.selenium.remote.RemoteWebDriver.startSession(RemoteWebDriver.java:210)
at org.openqa.selenium.remote.RemoteWebDriver.<init>(RemoteWebDriver.java:130)
at org.openqa.selenium.remote.RemoteWebDriver.<init>(RemoteWebDriver.java:143)
at com.testPage.BaseTest.setUpTest(BaseTest.java:68)
at sun.reflect.NativeMethodAccessorImpl.invoke0(Native Method)
at sun.reflect.NativeMethodAccessorImpl.invoke(NativeMethodAccessorImpl.java:62)
at sun.reflect.DelegatingMethodAccessorImpl.invoke(DelegatingMethodAccessorImpl.java:43)
at java.lang.reflect.Method.invoke(Method.java:498)
at org.testng.internal.MethodInvocationHelper.invokeMethod(MethodInvocationHelper.java:124)
at org.testng.internal.MethodInvocationHelper.invokeMethodConsideringTimeout(MethodInvocationHelper.java:59)
at org.testng.internal.Invoker.invokeConfigurationMethod(Invoker.java:458)
at org.testng.internal.Invoker.invokeConfigurations(Invoker.java:222)
at org.testng.internal.Invoker.invokeMethod(Invoker.java:523)
at org.testng.internal.Invoker.invokeTestMethod(Invoker.java:719)
at org.testng.internal.Invoker.invokeTestMethods(Invoker.java:989)
at org.testng.internal.TestMethodWorker.invokeTestMethods(TestMethodWorker.java:125)
at org.testng.internal.TestMethodWorker.run(TestMethodWorker.java:109)
at java.util.concurrent.ThreadPoolExecutor.runWorker(ThreadPoolExecutor.java:1149)
at java.util.concurrent.ThreadPoolExecutor$Worker.run(ThreadPoolExecutor.java:624)
at java.lang.Thread.run(Thread.java:748)
]]>
            </full-stacktrace>
          </exception> <!-- org.openqa.selenium.SessionNotCreatedException -->
          <reporter-output>
          </reporter-output>
        </test-method> <!-- setUpTest -->
        <test-method status="SKIP" signature="verifyLoginPageHeaderTest()[pri:2, instance:com.testPage.LoginPageTest@1a8a8f7c]" name="verifyLoginPageHeaderTest" duration-ms="0" started-at="2020-08-22T19:18:08Z" finished-at="2020-08-22T19:18:08Z">
          <exception class="org.openqa.selenium.SessionNotCreatedException">
            <message>
              <![CDATA[Unable to find provider for session: Capabilities {browserName: chrome}
Build info: version: '4.0.0-alpha-6', revision: '5f43a29cfc'
System info: host: '9669b422865f', ip: '172.18.0.2', os.name: 'Linux', os.arch: 'amd64', os.version: '4.19.76-linuxkit', java.version: '1.8.0_252'
Driver info: driver.version: unknown
Build info: version: '4.0.0-alpha-3', revision: '8c567de6dc'
System info: host: 'RSLPTP1013', ip: '192.168.1.156', os.name: 'Windows 10', os.arch: 'amd64', os.version: '10.0', java.version: '1.8.0_161'
Driver info: driver.version: RemoteWebDriver
remote stacktrace: org.openqa.selenium.SessionNotCreatedException: Unable to find provider for session: Capabilities {browserName: chrome}
Build info: version: '4.0.0-alpha-6', revision: '5f43a29cfc'
System info: host: '9669b422865f', ip: '172.18.0.2', os.name: 'Linux', os.arch: 'amd64', os.version: '4.19.76-linuxkit', java.version: '1.8.0_252'
Driver info: driver.version: unknown
at org.openqa.selenium.grid.distributor.local.LocalDistributor.lambda$newSession$4(LocalDistributor.java:167)
at java.util.Optional.orElseThrow(Optional.java:290)
at org.openqa.selenium.grid.distributor.local.LocalDistributor.newSession(LocalDistributor.java:161)
at org.openqa.selenium.grid.distributor.Distributor.lambda$new$0(Distributor.java:88)
at org.openqa.selenium.remote.http.Route$TemplatizedRoute.handle(Route.java:183)
at org.openqa.selenium.remote.http.Route.execute(Route.java:67)
at org.openqa.selenium.remote.http.Route$CombinedRoute.handle(Route.java:327)
at org.openqa.selenium.remote.http.Route.execute(Route.java:67)
at org.openqa.selenium.grid.distributor.Distributor.execute(Distributor.java:123)
at org.openqa.selenium.remote.tracing.SpanWrappedHttpHandler.execute(SpanWrappedHttpHandler.java:75)
at org.openqa.selenium.remote.http.Filter$1.execute(Filter.java:64)
at org.openqa.selenium.remote.http.Route$CombinedRoute.handle(Route.java:327)
at org.openqa.selenium.remote.http.Route.execute(Route.java:67)
at org.openqa.selenium.grid.router.Router.execute(Router.java:67)
at org.openqa.selenium.remote.http.Route$CombinedRoute.handle(Route.java:327)
at org.openqa.selenium.remote.http.Route.execute(Route.java:67)
at org.openqa.selenium.remote.http.Route$NestedRoute.handle(Route.java:261)
at org.openqa.selenium.remote.http.Route.execute(Route.java:67)
at org.openqa.selenium.remote.http.Route$CombinedRoute.handle(Route.java:327)
at org.openqa.selenium.remote.http.Route.execute(Route.java:67)
at org.openqa.selenium.grid.server.AddWebDriverSpecHeaders.lambda$apply$0(AddWebDriverSpecHeaders.java:30)
at org.openqa.selenium.grid.server.WrapExceptions.lambda$apply$0(WrapExceptions.java:36)
at org.openqa.selenium.remote.http.Filter$1.execute(Filter.java:64)
at org.openqa.selenium.netty.server.SeleniumHandler.lambda$channelRead0$0(SeleniumHandler.java:46)
at java.util.concurrent.Executors$RunnableAdapter.call(Executors.java:511)
at java.util.concurrent.FutureTask.run(FutureTask.java:266)
at java.util.concurrent.ThreadPoolExecutor.runWorker(ThreadPoolExecutor.java:1149)
at java.util.concurrent.ThreadPoolExecutor$Worker.run(ThreadPoolExecutor.java:624)
at java.lang.Thread.run(Thread.java:748)
]]>
            </message>
            <full-stacktrace>
              <![CDATA[org.openqa.selenium.SessionNotCreatedException: Unable to find provider for session: Capabilities {browserName: chrome}
Build info: version: '4.0.0-alpha-6', revision: '5f43a29cfc'
System info: host: '9669b422865f', ip: '172.18.0.2', os.name: 'Linux', os.arch: 'amd64', os.version: '4.19.76-linuxkit', java.version: '1.8.0_252'
Driver info: driver.version: unknown
Build info: version: '4.0.0-alpha-3', revision: '8c567de6dc'
System info: host: 'RSLPTP1013', ip: '192.168.1.156', os.name: 'Windows 10', os.arch: 'amd64', os.version: '10.0', java.version: '1.8.0_161'
Driver info: driver.version: RemoteWebDriver
remote stacktrace: org.openqa.selenium.SessionNotCreatedException: Unable to find provider for session: Capabilities {browserName: chrome}
Build info: version: '4.0.0-alpha-6', revision: '5f43a29cfc'
System info: host: '9669b422865f', ip: '172.18.0.2', os.name: 'Linux', os.arch: 'amd64', os.version: '4.19.76-linuxkit', java.version: '1.8.0_252'
Driver info: driver.version: unknown
at org.openqa.selenium.grid.distributor.local.LocalDistributor.lambda$newSession$4(LocalDistributor.java:167)
at java.util.Optional.orElseThrow(Optional.java:290)
at org.openqa.selenium.grid.distributor.local.LocalDistributor.newSession(LocalDistributor.java:161)
at org.openqa.selenium.grid.distributor.Distributor.lambda$new$0(Distributor.java:88)
at org.openqa.selenium.remote.http.Route$TemplatizedRoute.handle(Route.java:183)
at org.openqa.selenium.remote.http.Route.execute(Route.java:67)
at org.openqa.selenium.remote.http.Route$CombinedRoute.handle(Route.java:327)
at org.openqa.selenium.remote.http.Route.execute(Route.java:67)
at org.openqa.selenium.grid.distributor.Distributor.execute(Distributor.java:123)
at org.openqa.selenium.remote.tracing.SpanWrappedHttpHandler.execute(SpanWrappedHttpHandler.java:75)
at org.openqa.selenium.remote.http.Filter$1.execute(Filter.java:64)
at org.openqa.selenium.remote.http.Route$CombinedRoute.handle(Route.java:327)
at org.openqa.selenium.remote.http.Route.execute(Route.java:67)
at org.openqa.selenium.grid.router.Router.execute(Router.java:67)
at org.openqa.selenium.remote.http.Route$CombinedRoute.handle(Route.java:327)
at org.openqa.selenium.remote.http.Route.execute(Route.java:67)
at org.openqa.selenium.remote.http.Route$NestedRoute.handle(Route.java:261)
at org.openqa.selenium.remote.http.Route.execute(Route.java:67)
at org.openqa.selenium.remote.http.Route$CombinedRoute.handle(Route.java:327)
at org.openqa.selenium.remote.http.Route.execute(Route.java:67)
at org.openqa.selenium.grid.server.AddWebDriverSpecHeaders.lambda$apply$0(AddWebDriverSpecHeaders.java:30)
at org.openqa.selenium.grid.server.WrapExceptions.lambda$apply$0(WrapExceptions.java:36)
at org.openqa.selenium.remote.http.Filter$1.execute(Filter.java:64)
at org.openqa.selenium.netty.server.SeleniumHandler.lambda$channelRead0$0(SeleniumHandler.java:46)
at java.util.concurrent.Executors$RunnableAdapter.call(Executors.java:511)
at java.util.concurrent.FutureTask.run(FutureTask.java:266)
at java.util.concurrent.ThreadPoolExecutor.runWorker(ThreadPoolExecutor.java:1149)
at java.util.concurrent.ThreadPoolExecutor$Worker.run(ThreadPoolExecutor.java:624)
at java.lang.Thread.run(Thread.java:748)

at sun.reflect.NativeConstructorAccessorImpl.newInstance0(Native Method)
at sun.reflect.NativeConstructorAccessorImpl.newInstance(NativeConstructorAccessorImpl.java:62)
at sun.reflect.DelegatingConstructorAccessorImpl.newInstance(DelegatingConstructorAccessorImpl.java:45)
at java.lang.reflect.Constructor.newInstance(Constructor.java:423)
at org.openqa.selenium.remote.W3CHandshakeResponse.lambda$errorHandler$0(W3CHandshakeResponse.java:62)
at org.openqa.selenium.remote.HandshakeResponse.lambda$getResponseFunction$0(HandshakeResponse.java:30)
at org.openqa.selenium.remote.ProtocolHandshake.lambda$createSession$1(ProtocolHandshake.java:127)
at java.util.stream.ReferencePipeline$3$1.accept(ReferencePipeline.java:193)
at java.util.Spliterators$ArraySpliterator.tryAdvance(Spliterators.java:958)
at java.util.stream.ReferencePipeline.forEachWithCancel(ReferencePipeline.java:126)
at java.util.stream.AbstractPipeline.copyIntoWithCancel(AbstractPipeline.java:498)
at java.util.stream.AbstractPipeline.copyInto(AbstractPipeline.java:485)
at java.util.stream.AbstractPipeline.wrapAndCopyInto(AbstractPipeline.java:471)
at java.util.stream.FindOps$FindOp.evaluateSequential(FindOps.java:152)
at java.util.stream.AbstractPipeline.evaluate(AbstractPipeline.java:234)
at java.util.stream.ReferencePipeline.findFirst(ReferencePipeline.java:464)
at org.openqa.selenium.remote.ProtocolHandshake.createSession(ProtocolHandshake.java:129)
at org.openqa.selenium.remote.ProtocolHandshake.createSession(ProtocolHandshake.java:75)
at org.openqa.selenium.remote.HttpCommandExecutor.execute(HttpCommandExecutor.java:139)
at org.openqa.selenium.remote.RemoteWebDriver.execute(RemoteWebDriver.java:576)
at org.openqa.selenium.remote.RemoteWebDriver.startSession(RemoteWebDriver.java:210)
at org.openqa.selenium.remote.RemoteWebDriver.<init>(RemoteWebDriver.java:130)
at org.openqa.selenium.remote.RemoteWebDriver.<init>(RemoteWebDriver.java:143)
at com.testPage.BaseTest.setUpTest(BaseTest.java:68)
at sun.reflect.NativeMethodAccessorImpl.invoke0(Native Method)
at sun.reflect.NativeMethodAccessorImpl.invoke(NativeMethodAccessorImpl.java:62)
at sun.reflect.DelegatingMethodAccessorImpl.invoke(DelegatingMethodAccessorImpl.java:43)
at java.lang.reflect.Method.invoke(Method.java:498)
at org.testng.internal.MethodInvocationHelper.invokeMethod(MethodInvocationHelper.java:124)
at org.testng.internal.MethodInvocationHelper.invokeMethodConsideringTimeout(MethodInvocationHelper.java:59)
at org.testng.internal.Invoker.invokeConfigurationMethod(Invoker.java:458)
at org.testng.internal.Invoker.invokeConfigurations(Invoker.java:222)
at org.testng.internal.Invoker.invokeMethod(Invoker.java:523)
at org.testng.internal.Invoker.invokeTestMethod(Invoker.java:719)
at org.testng.internal.Invoker.invokeTestMethods(Invoker.java:989)
at org.testng.internal.TestMethodWorker.invokeTestMethods(TestMethodWorker.java:125)
at org.testng.internal.TestMethodWorker.run(TestMethodWorker.java:109)
at java.util.concurrent.ThreadPoolExecutor.runWorker(ThreadPoolExecutor.java:1149)
at java.util.concurrent.ThreadPoolExecutor$Worker.run(ThreadPoolExecutor.java:624)
at java.lang.Thread.run(Thread.java:748)
]]>
            </full-stacktrace>
          </exception> <!-- org.openqa.selenium.SessionNotCreatedException -->
          <reporter-output>
          </reporter-output>
        </test-method> <!-- verifyLoginPageHeaderTest -->
        <test-method status="SKIP" signature="tearDown()[pri:0, instance:com.testPage.LoginPageTest@1a8a8f7c]" name="tearDown" is-config="true" duration-ms="0" started-at="2020-08-22T19:18:08Z" finished-at="2020-08-22T19:18:08Z">
          <reporter-output>
          </reporter-output>
        </test-method> <!-- tearDown -->
        <test-method status="SKIP" signature="setUpTest(java.lang.String)[pri:0, instance:com.testPage.LoginPageTest@1a8a8f7c]" name="setUpTest" is-config="true" duration-ms="0" started-at="2020-08-22T19:18:08Z" finished-at="2020-08-22T19:18:08Z">
          <reporter-output>
          </reporter-output>
        </test-method> <!-- setUpTest -->
        <test-method status="SKIP" signature="verifyValidLoginTest()[pri:3, instance:com.testPage.LoginPageTest@1a8a8f7c]" name="verifyValidLoginTest" duration-ms="0" started-at="2020-08-22T19:18:08Z" finished-at="2020-08-22T19:18:08Z">
          <exception class="org.openqa.selenium.SessionNotCreatedException">
            <message>
              <![CDATA[Unable to find provider for session: Capabilities {browserName: chrome}
Build info: version: '4.0.0-alpha-6', revision: '5f43a29cfc'
System info: host: '9669b422865f', ip: '172.18.0.2', os.name: 'Linux', os.arch: 'amd64', os.version: '4.19.76-linuxkit', java.version: '1.8.0_252'
Driver info: driver.version: unknown
Build info: version: '4.0.0-alpha-3', revision: '8c567de6dc'
System info: host: 'RSLPTP1013', ip: '192.168.1.156', os.name: 'Windows 10', os.arch: 'amd64', os.version: '10.0', java.version: '1.8.0_161'
Driver info: driver.version: RemoteWebDriver
remote stacktrace: org.openqa.selenium.SessionNotCreatedException: Unable to find provider for session: Capabilities {browserName: chrome}
Build info: version: '4.0.0-alpha-6', revision: '5f43a29cfc'
System info: host: '9669b422865f', ip: '172.18.0.2', os.name: 'Linux', os.arch: 'amd64', os.version: '4.19.76-linuxkit', java.version: '1.8.0_252'
Driver info: driver.version: unknown
at org.openqa.selenium.grid.distributor.local.LocalDistributor.lambda$newSession$4(LocalDistributor.java:167)
at java.util.Optional.orElseThrow(Optional.java:290)
at org.openqa.selenium.grid.distributor.local.LocalDistributor.newSession(LocalDistributor.java:161)
at org.openqa.selenium.grid.distributor.Distributor.lambda$new$0(Distributor.java:88)
at org.openqa.selenium.remote.http.Route$TemplatizedRoute.handle(Route.java:183)
at org.openqa.selenium.remote.http.Route.execute(Route.java:67)
at org.openqa.selenium.remote.http.Route$CombinedRoute.handle(Route.java:327)
at org.openqa.selenium.remote.http.Route.execute(Route.java:67)
at org.openqa.selenium.grid.distributor.Distributor.execute(Distributor.java:123)
at org.openqa.selenium.remote.tracing.SpanWrappedHttpHandler.execute(SpanWrappedHttpHandler.java:75)
at org.openqa.selenium.remote.http.Filter$1.execute(Filter.java:64)
at org.openqa.selenium.remote.http.Route$CombinedRoute.handle(Route.java:327)
at org.openqa.selenium.remote.http.Route.execute(Route.java:67)
at org.openqa.selenium.grid.router.Router.execute(Router.java:67)
at org.openqa.selenium.remote.http.Route$CombinedRoute.handle(Route.java:327)
at org.openqa.selenium.remote.http.Route.execute(Route.java:67)
at org.openqa.selenium.remote.http.Route$NestedRoute.handle(Route.java:261)
at org.openqa.selenium.remote.http.Route.execute(Route.java:67)
at org.openqa.selenium.remote.http.Route$CombinedRoute.handle(Route.java:327)
at org.openqa.selenium.remote.http.Route.execute(Route.java:67)
at org.openqa.selenium.grid.server.AddWebDriverSpecHeaders.lambda$apply$0(AddWebDriverSpecHeaders.java:30)
at org.openqa.selenium.grid.server.WrapExceptions.lambda$apply$0(WrapExceptions.java:36)
at org.openqa.selenium.remote.http.Filter$1.execute(Filter.java:64)
at org.openqa.selenium.netty.server.SeleniumHandler.lambda$channelRead0$0(SeleniumHandler.java:46)
at java.util.concurrent.Executors$RunnableAdapter.call(Executors.java:511)
at java.util.concurrent.FutureTask.run(FutureTask.java:266)
at java.util.concurrent.ThreadPoolExecutor.runWorker(ThreadPoolExecutor.java:1149)
at java.util.concurrent.ThreadPoolExecutor$Worker.run(ThreadPoolExecutor.java:624)
at java.lang.Thread.run(Thread.java:748)
]]>
            </message>
            <full-stacktrace>
              <![CDATA[org.openqa.selenium.SessionNotCreatedException: Unable to find provider for session: Capabilities {browserName: chrome}
Build info: version: '4.0.0-alpha-6', revision: '5f43a29cfc'
System info: host: '9669b422865f', ip: '172.18.0.2', os.name: 'Linux', os.arch: 'amd64', os.version: '4.19.76-linuxkit', java.version: '1.8.0_252'
Driver info: driver.version: unknown
Build info: version: '4.0.0-alpha-3', revision: '8c567de6dc'
System info: host: 'RSLPTP1013', ip: '192.168.1.156', os.name: 'Windows 10', os.arch: 'amd64', os.version: '10.0', java.version: '1.8.0_161'
Driver info: driver.version: RemoteWebDriver
remote stacktrace: org.openqa.selenium.SessionNotCreatedException: Unable to find provider for session: Capabilities {browserName: chrome}
Build info: version: '4.0.0-alpha-6', revision: '5f43a29cfc'
System info: host: '9669b422865f', ip: '172.18.0.2', os.name: 'Linux', os.arch: 'amd64', os.version: '4.19.76-linuxkit', java.version: '1.8.0_252'
Driver info: driver.version: unknown
at org.openqa.selenium.grid.distributor.local.LocalDistributor.lambda$newSession$4(LocalDistributor.java:167)
at java.util.Optional.orElseThrow(Optional.java:290)
at org.openqa.selenium.grid.distributor.local.LocalDistributor.newSession(LocalDistributor.java:161)
at org.openqa.selenium.grid.distributor.Distributor.lambda$new$0(Distributor.java:88)
at org.openqa.selenium.remote.http.Route$TemplatizedRoute.handle(Route.java:183)
at org.openqa.selenium.remote.http.Route.execute(Route.java:67)
at org.openqa.selenium.remote.http.Route$CombinedRoute.handle(Route.java:327)
at org.openqa.selenium.remote.http.Route.execute(Route.java:67)
at org.openqa.selenium.grid.distributor.Distributor.execute(Distributor.java:123)
at org.openqa.selenium.remote.tracing.SpanWrappedHttpHandler.execute(SpanWrappedHttpHandler.java:75)
at org.openqa.selenium.remote.http.Filter$1.execute(Filter.java:64)
at org.openqa.selenium.remote.http.Route$CombinedRoute.handle(Route.java:327)
at org.openqa.selenium.remote.http.Route.execute(Route.java:67)
at org.openqa.selenium.grid.router.Router.execute(Router.java:67)
at org.openqa.selenium.remote.http.Route$CombinedRoute.handle(Route.java:327)
at org.openqa.selenium.remote.http.Route.execute(Route.java:67)
at org.openqa.selenium.remote.http.Route$NestedRoute.handle(Route.java:261)
at org.openqa.selenium.remote.http.Route.execute(Route.java:67)
at org.openqa.selenium.remote.http.Route$CombinedRoute.handle(Route.java:327)
at org.openqa.selenium.remote.http.Route.execute(Route.java:67)
at org.openqa.selenium.grid.server.AddWebDriverSpecHeaders.lambda$apply$0(AddWebDriverSpecHeaders.java:30)
at org.openqa.selenium.grid.server.WrapExceptions.lambda$apply$0(WrapExceptions.java:36)
at org.openqa.selenium.remote.http.Filter$1.execute(Filter.java:64)
at org.openqa.selenium.netty.server.SeleniumHandler.lambda$channelRead0$0(SeleniumHandler.java:46)
at java.util.concurrent.Executors$RunnableAdapter.call(Executors.java:511)
at java.util.concurrent.FutureTask.run(FutureTask.java:266)
at java.util.concurrent.ThreadPoolExecutor.runWorker(ThreadPoolExecutor.java:1149)
at java.util.concurrent.ThreadPoolExecutor$Worker.run(ThreadPoolExecutor.java:624)
at java.lang.Thread.run(Thread.java:748)

at sun.reflect.NativeConstructorAccessorImpl.newInstance0(Native Method)
at sun.reflect.NativeConstructorAccessorImpl.newInstance(NativeConstructorAccessorImpl.java:62)
at sun.reflect.DelegatingConstructorAccessorImpl.newInstance(DelegatingConstructorAccessorImpl.java:45)
at java.lang.reflect.Constructor.newInstance(Constructor.java:423)
at org.openqa.selenium.remote.W3CHandshakeResponse.lambda$errorHandler$0(W3CHandshakeResponse.java:62)
at org.openqa.selenium.remote.HandshakeResponse.lambda$getResponseFunction$0(HandshakeResponse.java:30)
at org.openqa.selenium.remote.ProtocolHandshake.lambda$createSession$1(ProtocolHandshake.java:127)
at java.util.stream.ReferencePipeline$3$1.accept(ReferencePipeline.java:193)
at java.util.Spliterators$ArraySpliterator.tryAdvance(Spliterators.java:958)
at java.util.stream.ReferencePipeline.forEachWithCancel(ReferencePipeline.java:126)
at java.util.stream.AbstractPipeline.copyIntoWithCancel(AbstractPipeline.java:498)
at java.util.stream.AbstractPipeline.copyInto(AbstractPipeline.java:485)
at java.util.stream.AbstractPipeline.wrapAndCopyInto(AbstractPipeline.java:471)
at java.util.stream.FindOps$FindOp.evaluateSequential(FindOps.java:152)
at java.util.stream.AbstractPipeline.evaluate(AbstractPipeline.java:234)
at java.util.stream.ReferencePipeline.findFirst(ReferencePipeline.java:464)
at org.openqa.selenium.remote.ProtocolHandshake.createSession(ProtocolHandshake.java:129)
at org.openqa.selenium.remote.ProtocolHandshake.createSession(ProtocolHandshake.java:75)
at org.openqa.selenium.remote.HttpCommandExecutor.execute(HttpCommandExecutor.java:139)
at org.openqa.selenium.remote.RemoteWebDriver.execute(RemoteWebDriver.java:576)
at org.openqa.selenium.remote.RemoteWebDriver.startSession(RemoteWebDriver.java:210)
at org.openqa.selenium.remote.RemoteWebDriver.<init>(RemoteWebDriver.java:130)
at org.openqa.selenium.remote.RemoteWebDriver.<init>(RemoteWebDriver.java:143)
at com.testPage.BaseTest.setUpTest(BaseTest.java:68)
at sun.reflect.NativeMethodAccessorImpl.invoke0(Native Method)
at sun.reflect.NativeMethodAccessorImpl.invoke(NativeMethodAccessorImpl.java:62)
at sun.reflect.DelegatingMethodAccessorImpl.invoke(DelegatingMethodAccessorImpl.java:43)
at java.lang.reflect.Method.invoke(Method.java:498)
at org.testng.internal.MethodInvocationHelper.invokeMethod(MethodInvocationHelper.java:124)
at org.testng.internal.MethodInvocationHelper.invokeMethodConsideringTimeout(MethodInvocationHelper.java:59)
at org.testng.internal.Invoker.invokeConfigurationMethod(Invoker.java:458)
at org.testng.internal.Invoker.invokeConfigurations(Invoker.java:222)
at org.testng.internal.Invoker.invokeMethod(Invoker.java:523)
at org.testng.internal.Invoker.invokeTestMethod(Invoker.java:719)
at org.testng.internal.Invoker.invokeTestMethods(Invoker.java:989)
at org.testng.internal.TestMethodWorker.invokeTestMethods(TestMethodWorker.java:125)
at org.testng.internal.TestMethodWorker.run(TestMethodWorker.java:109)
at java.util.concurrent.ThreadPoolExecutor.runWorker(ThreadPoolExecutor.java:1149)
at java.util.concurrent.ThreadPoolExecutor$Worker.run(ThreadPoolExecutor.java:624)
at java.lang.Thread.run(Thread.java:748)
]]>
            </full-stacktrace>
          </exception> <!-- org.openqa.selenium.SessionNotCreatedException -->
          <reporter-output>
          </reporter-output>
        </test-method> <!-- verifyValidLoginTest -->
        <test-method status="SKIP" signature="tearDown()[pri:0, instance:com.testPage.LoginPageTest@1a8a8f7c]" name="tearDown" is-config="true" duration-ms="0" started-at="2020-08-22T19:18:08Z" finished-at="2020-08-22T19:18:08Z">
          <reporter-output>
          </reporter-output>
        </test-method> <!-- tearDown -->
      </class> <!-- com.testPage.LoginPageTest -->
    </test> <!-- hubspot test chrome -->
    <test name="hubspot test firefox" duration-ms="48488" started-at="2020-08-22T19:17:31Z" finished-at="2020-08-22T19:18:20Z">
      <class name="com.testPage.LoginPageTest">
        <test-method status="PASS" signature="setUpTest(java.lang.String)[pri:0, instance:com.testPage.LoginPageTest@12cdcf4]" name="setUpTest" is-config="true" duration-ms="42887" started-at="2020-08-22T19:17:31Z" finished-at="2020-08-22T19:18:14Z">
          <params>
            <param index="0">
              <value>
                <![CDATA[firefox]]>
              </value>
            </param>
          </params>
          <reporter-output>
          </reporter-output>
        </test-method> <!-- setUpTest -->
        <test-method status="PASS" signature="verifyLoginPageTitleTest()[pri:1, instance:com.testPage.LoginPageTest@12cdcf4]" name="verifyLoginPageTitleTest" duration-ms="128" started-at="2020-08-22T19:18:14Z" finished-at="2020-08-22T19:18:14Z">
          <reporter-output>
          </reporter-output>
        </test-method> <!-- verifyLoginPageTitleTest -->
        <test-method status="PASS" signature="tearDown()[pri:0, instance:com.testPage.LoginPageTest@12cdcf4]" name="tearDown" is-config="true" duration-ms="3439" started-at="2020-08-22T19:18:14Z" finished-at="2020-08-22T19:18:18Z">
          <reporter-output>
          </reporter-output>
        </test-method> <!-- tearDown -->
        <test-method status="FAIL" signature="setUpTest(java.lang.String)[pri:0, instance:com.testPage.LoginPageTest@12cdcf4]" name="setUpTest" is-config="true" duration-ms="1974" started-at="2020-08-22T19:18:18Z" finished-at="2020-08-22T19:18:20Z">
          <params>
            <param index="0">
              <value>
                <![CDATA[firefox]]>
              </value>
            </param>
          </params>
          <exception class="org.openqa.selenium.SessionNotCreatedException">
            <message>
              <![CDATA[Unable to find provider for session: Capabilities {browserName: firefox}
Build info: version: '4.0.0-alpha-6', revision: '5f43a29cfc'
System info: host: '9669b422865f', ip: '172.18.0.2', os.name: 'Linux', os.arch: 'amd64', os.version: '4.19.76-linuxkit', java.version: '1.8.0_252'
Driver info: driver.version: unknown
Build info: version: '4.0.0-alpha-3', revision: '8c567de6dc'
System info: host: 'RSLPTP1013', ip: '192.168.1.156', os.name: 'Windows 10', os.arch: 'amd64', os.version: '10.0', java.version: '1.8.0_161'
Driver info: driver.version: RemoteWebDriver
remote stacktrace: org.openqa.selenium.SessionNotCreatedException: Unable to find provider for session: Capabilities {browserName: firefox}
Build info: version: '4.0.0-alpha-6', revision: '5f43a29cfc'
System info: host: '9669b422865f', ip: '172.18.0.2', os.name: 'Linux', os.arch: 'amd64', os.version: '4.19.76-linuxkit', java.version: '1.8.0_252'
Driver info: driver.version: unknown
at org.openqa.selenium.grid.distributor.local.LocalDistributor.lambda$newSession$4(LocalDistributor.java:167)
at java.util.Optional.orElseThrow(Optional.java:290)
at org.openqa.selenium.grid.distributor.local.LocalDistributor.newSession(LocalDistributor.java:161)
at org.openqa.selenium.grid.distributor.Distributor.lambda$new$0(Distributor.java:88)
at org.openqa.selenium.remote.http.Route$TemplatizedRoute.handle(Route.java:183)
at org.openqa.selenium.remote.http.Route.execute(Route.java:67)
at org.openqa.selenium.remote.http.Route$CombinedRoute.handle(Route.java:327)
at org.openqa.selenium.remote.http.Route.execute(Route.java:67)
at org.openqa.selenium.grid.distributor.Distributor.execute(Distributor.java:123)
at org.openqa.selenium.remote.tracing.SpanWrappedHttpHandler.execute(SpanWrappedHttpHandler.java:75)
at org.openqa.selenium.remote.http.Filter$1.execute(Filter.java:64)
at org.openqa.selenium.remote.http.Route$CombinedRoute.handle(Route.java:327)
at org.openqa.selenium.remote.http.Route.execute(Route.java:67)
at org.openqa.selenium.grid.router.Router.execute(Router.java:67)
at org.openqa.selenium.remote.http.Route$CombinedRoute.handle(Route.java:327)
at org.openqa.selenium.remote.http.Route.execute(Route.java:67)
at org.openqa.selenium.remote.http.Route$NestedRoute.handle(Route.java:261)
at org.openqa.selenium.remote.http.Route.execute(Route.java:67)
at org.openqa.selenium.remote.http.Route$CombinedRoute.handle(Route.java:327)
at org.openqa.selenium.remote.http.Route.execute(Route.java:67)
at org.openqa.selenium.grid.server.AddWebDriverSpecHeaders.lambda$apply$0(AddWebDriverSpecHeaders.java:30)
at org.openqa.selenium.grid.server.WrapExceptions.lambda$apply$0(WrapExceptions.java:36)
at org.openqa.selenium.remote.http.Filter$1.execute(Filter.java:64)
at org.openqa.selenium.netty.server.SeleniumHandler.lambda$channelRead0$0(SeleniumHandler.java:46)
at java.util.concurrent.Executors$RunnableAdapter.call(Executors.java:511)
at java.util.concurrent.FutureTask.run(FutureTask.java:266)
at java.util.concurrent.ThreadPoolExecutor.runWorker(ThreadPoolExecutor.java:1149)
at java.util.concurrent.ThreadPoolExecutor$Worker.run(ThreadPoolExecutor.java:624)
at java.lang.Thread.run(Thread.java:748)
]]>
            </message>
            <full-stacktrace>
              <![CDATA[org.openqa.selenium.SessionNotCreatedException: Unable to find provider for session: Capabilities {browserName: firefox}
Build info: version: '4.0.0-alpha-6', revision: '5f43a29cfc'
System info: host: '9669b422865f', ip: '172.18.0.2', os.name: 'Linux', os.arch: 'amd64', os.version: '4.19.76-linuxkit', java.version: '1.8.0_252'
Driver info: driver.version: unknown
Build info: version: '4.0.0-alpha-3', revision: '8c567de6dc'
System info: host: 'RSLPTP1013', ip: '192.168.1.156', os.name: 'Windows 10', os.arch: 'amd64', os.version: '10.0', java.version: '1.8.0_161'
Driver info: driver.version: RemoteWebDriver
remote stacktrace: org.openqa.selenium.SessionNotCreatedException: Unable to find provider for session: Capabilities {browserName: firefox}
Build info: version: '4.0.0-alpha-6', revision: '5f43a29cfc'
System info: host: '9669b422865f', ip: '172.18.0.2', os.name: 'Linux', os.arch: 'amd64', os.version: '4.19.76-linuxkit', java.version: '1.8.0_252'
Driver info: driver.version: unknown
at org.openqa.selenium.grid.distributor.local.LocalDistributor.lambda$newSession$4(LocalDistributor.java:167)
at java.util.Optional.orElseThrow(Optional.java:290)
at org.openqa.selenium.grid.distributor.local.LocalDistributor.newSession(LocalDistributor.java:161)
at org.openqa.selenium.grid.distributor.Distributor.lambda$new$0(Distributor.java:88)
at org.openqa.selenium.remote.http.Route$TemplatizedRoute.handle(Route.java:183)
at org.openqa.selenium.remote.http.Route.execute(Route.java:67)
at org.openqa.selenium.remote.http.Route$CombinedRoute.handle(Route.java:327)
at org.openqa.selenium.remote.http.Route.execute(Route.java:67)
at org.openqa.selenium.grid.distributor.Distributor.execute(Distributor.java:123)
at org.openqa.selenium.remote.tracing.SpanWrappedHttpHandler.execute(SpanWrappedHttpHandler.java:75)
at org.openqa.selenium.remote.http.Filter$1.execute(Filter.java:64)
at org.openqa.selenium.remote.http.Route$CombinedRoute.handle(Route.java:327)
at org.openqa.selenium.remote.http.Route.execute(Route.java:67)
at org.openqa.selenium.grid.router.Router.execute(Router.java:67)
at org.openqa.selenium.remote.http.Route$CombinedRoute.handle(Route.java:327)
at org.openqa.selenium.remote.http.Route.execute(Route.java:67)
at org.openqa.selenium.remote.http.Route$NestedRoute.handle(Route.java:261)
at org.openqa.selenium.remote.http.Route.execute(Route.java:67)
at org.openqa.selenium.remote.http.Route$CombinedRoute.handle(Route.java:327)
at org.openqa.selenium.remote.http.Route.execute(Route.java:67)
at org.openqa.selenium.grid.server.AddWebDriverSpecHeaders.lambda$apply$0(AddWebDriverSpecHeaders.java:30)
at org.openqa.selenium.grid.server.WrapExceptions.lambda$apply$0(WrapExceptions.java:36)
at org.openqa.selenium.remote.http.Filter$1.execute(Filter.java:64)
at org.openqa.selenium.netty.server.SeleniumHandler.lambda$channelRead0$0(SeleniumHandler.java:46)
at java.util.concurrent.Executors$RunnableAdapter.call(Executors.java:511)
at java.util.concurrent.FutureTask.run(FutureTask.java:266)
at java.util.concurrent.ThreadPoolExecutor.runWorker(ThreadPoolExecutor.java:1149)
at java.util.concurrent.ThreadPoolExecutor$Worker.run(ThreadPoolExecutor.java:624)
at java.lang.Thread.run(Thread.java:748)

at sun.reflect.NativeConstructorAccessorImpl.newInstance0(Native Method)
at sun.reflect.NativeConstructorAccessorImpl.newInstance(NativeConstructorAccessorImpl.java:62)
at sun.reflect.DelegatingConstructorAccessorImpl.newInstance(DelegatingConstructorAccessorImpl.java:45)
at java.lang.reflect.Constructor.newInstance(Constructor.java:423)
at org.openqa.selenium.remote.W3CHandshakeResponse.lambda$errorHandler$0(W3CHandshakeResponse.java:62)
at org.openqa.selenium.remote.HandshakeResponse.lambda$getResponseFunction$0(HandshakeResponse.java:30)
at org.openqa.selenium.remote.ProtocolHandshake.lambda$createSession$1(ProtocolHandshake.java:127)
at java.util.stream.ReferencePipeline$3$1.accept(ReferencePipeline.java:193)
at java.util.Spliterators$ArraySpliterator.tryAdvance(Spliterators.java:958)
at java.util.stream.ReferencePipeline.forEachWithCancel(ReferencePipeline.java:126)
at java.util.stream.AbstractPipeline.copyIntoWithCancel(AbstractPipeline.java:498)
at java.util.stream.AbstractPipeline.copyInto(AbstractPipeline.java:485)
at java.util.stream.AbstractPipeline.wrapAndCopyInto(AbstractPipeline.java:471)
at java.util.stream.FindOps$FindOp.evaluateSequential(FindOps.java:152)
at java.util.stream.AbstractPipeline.evaluate(AbstractPipeline.java:234)
at java.util.stream.ReferencePipeline.findFirst(ReferencePipeline.java:464)
at org.openqa.selenium.remote.ProtocolHandshake.createSession(ProtocolHandshake.java:129)
at org.openqa.selenium.remote.ProtocolHandshake.createSession(ProtocolHandshake.java:75)
at org.openqa.selenium.remote.HttpCommandExecutor.execute(HttpCommandExecutor.java:139)
at org.openqa.selenium.remote.RemoteWebDriver.execute(RemoteWebDriver.java:576)
at org.openqa.selenium.remote.RemoteWebDriver.startSession(RemoteWebDriver.java:210)
at org.openqa.selenium.remote.RemoteWebDriver.<init>(RemoteWebDriver.java:130)
at org.openqa.selenium.remote.RemoteWebDriver.<init>(RemoteWebDriver.java:143)
at com.testPage.BaseTest.setUpTest(BaseTest.java:79)
at sun.reflect.NativeMethodAccessorImpl.invoke0(Native Method)
at sun.reflect.NativeMethodAccessorImpl.invoke(NativeMethodAccessorImpl.java:62)
at sun.reflect.DelegatingMethodAccessorImpl.invoke(DelegatingMethodAccessorImpl.java:43)
at java.lang.reflect.Method.invoke(Method.java:498)
at org.testng.internal.MethodInvocationHelper.invokeMethod(MethodInvocationHelper.java:124)
at org.testng.internal.MethodInvocationHelper.invokeMethodConsideringTimeout(MethodInvocationHelper.java:59)
at org.testng.internal.Invoker.invokeConfigurationMethod(Invoker.java:458)
at org.testng.internal.Invoker.invokeConfigurations(Invoker.java:222)
at org.testng.internal.Invoker.invokeMethod(Invoker.java:523)
at org.testng.internal.Invoker.invokeTestMethod(Invoker.java:719)
at org.testng.internal.Invoker.invokeTestMethods(Invoker.java:989)
at org.testng.internal.TestMethodWorker.invokeTestMethods(TestMethodWorker.java:125)
at org.testng.internal.TestMethodWorker.run(TestMethodWorker.java:109)
at java.util.concurrent.ThreadPoolExecutor.runWorker(ThreadPoolExecutor.java:1149)
at java.util.concurrent.ThreadPoolExecutor$Worker.run(ThreadPoolExecutor.java:624)
at java.lang.Thread.run(Thread.java:748)
]]>
            </full-stacktrace>
          </exception> <!-- org.openqa.selenium.SessionNotCreatedException -->
          <reporter-output>
          </reporter-output>
        </test-method> <!-- setUpTest -->
        <test-method status="SKIP" signature="verifyLoginPageHeaderTest()[pri:2, instance:com.testPage.LoginPageTest@12cdcf4]" name="verifyLoginPageHeaderTest" duration-ms="0" started-at="2020-08-22T19:18:20Z" finished-at="2020-08-22T19:18:20Z">
          <exception class="org.openqa.selenium.SessionNotCreatedException">
            <message>
              <![CDATA[Unable to find provider for session: Capabilities {browserName: firefox}
Build info: version: '4.0.0-alpha-6', revision: '5f43a29cfc'
System info: host: '9669b422865f', ip: '172.18.0.2', os.name: 'Linux', os.arch: 'amd64', os.version: '4.19.76-linuxkit', java.version: '1.8.0_252'
Driver info: driver.version: unknown
Build info: version: '4.0.0-alpha-3', revision: '8c567de6dc'
System info: host: 'RSLPTP1013', ip: '192.168.1.156', os.name: 'Windows 10', os.arch: 'amd64', os.version: '10.0', java.version: '1.8.0_161'
Driver info: driver.version: RemoteWebDriver
remote stacktrace: org.openqa.selenium.SessionNotCreatedException: Unable to find provider for session: Capabilities {browserName: firefox}
Build info: version: '4.0.0-alpha-6', revision: '5f43a29cfc'
System info: host: '9669b422865f', ip: '172.18.0.2', os.name: 'Linux', os.arch: 'amd64', os.version: '4.19.76-linuxkit', java.version: '1.8.0_252'
Driver info: driver.version: unknown
at org.openqa.selenium.grid.distributor.local.LocalDistributor.lambda$newSession$4(LocalDistributor.java:167)
at java.util.Optional.orElseThrow(Optional.java:290)
at org.openqa.selenium.grid.distributor.local.LocalDistributor.newSession(LocalDistributor.java:161)
at org.openqa.selenium.grid.distributor.Distributor.lambda$new$0(Distributor.java:88)
at org.openqa.selenium.remote.http.Route$TemplatizedRoute.handle(Route.java:183)
at org.openqa.selenium.remote.http.Route.execute(Route.java:67)
at org.openqa.selenium.remote.http.Route$CombinedRoute.handle(Route.java:327)
at org.openqa.selenium.remote.http.Route.execute(Route.java:67)
at org.openqa.selenium.grid.distributor.Distributor.execute(Distributor.java:123)
at org.openqa.selenium.remote.tracing.SpanWrappedHttpHandler.execute(SpanWrappedHttpHandler.java:75)
at org.openqa.selenium.remote.http.Filter$1.execute(Filter.java:64)
at org.openqa.selenium.remote.http.Route$CombinedRoute.handle(Route.java:327)
at org.openqa.selenium.remote.http.Route.execute(Route.java:67)
at org.openqa.selenium.grid.router.Router.execute(Router.java:67)
at org.openqa.selenium.remote.http.Route$CombinedRoute.handle(Route.java:327)
at org.openqa.selenium.remote.http.Route.execute(Route.java:67)
at org.openqa.selenium.remote.http.Route$NestedRoute.handle(Route.java:261)
at org.openqa.selenium.remote.http.Route.execute(Route.java:67)
at org.openqa.selenium.remote.http.Route$CombinedRoute.handle(Route.java:327)
at org.openqa.selenium.remote.http.Route.execute(Route.java:67)
at org.openqa.selenium.grid.server.AddWebDriverSpecHeaders.lambda$apply$0(AddWebDriverSpecHeaders.java:30)
at org.openqa.selenium.grid.server.WrapExceptions.lambda$apply$0(WrapExceptions.java:36)
at org.openqa.selenium.remote.http.Filter$1.execute(Filter.java:64)
at org.openqa.selenium.netty.server.SeleniumHandler.lambda$channelRead0$0(SeleniumHandler.java:46)
at java.util.concurrent.Executors$RunnableAdapter.call(Executors.java:511)
at java.util.concurrent.FutureTask.run(FutureTask.java:266)
at java.util.concurrent.ThreadPoolExecutor.runWorker(ThreadPoolExecutor.java:1149)
at java.util.concurrent.ThreadPoolExecutor$Worker.run(ThreadPoolExecutor.java:624)
at java.lang.Thread.run(Thread.java:748)
]]>
            </message>
            <full-stacktrace>
              <![CDATA[org.openqa.selenium.SessionNotCreatedException: Unable to find provider for session: Capabilities {browserName: firefox}
Build info: version: '4.0.0-alpha-6', revision: '5f43a29cfc'
System info: host: '9669b422865f', ip: '172.18.0.2', os.name: 'Linux', os.arch: 'amd64', os.version: '4.19.76-linuxkit', java.version: '1.8.0_252'
Driver info: driver.version: unknown
Build info: version: '4.0.0-alpha-3', revision: '8c567de6dc'
System info: host: 'RSLPTP1013', ip: '192.168.1.156', os.name: 'Windows 10', os.arch: 'amd64', os.version: '10.0', java.version: '1.8.0_161'
Driver info: driver.version: RemoteWebDriver
remote stacktrace: org.openqa.selenium.SessionNotCreatedException: Unable to find provider for session: Capabilities {browserName: firefox}
Build info: version: '4.0.0-alpha-6', revision: '5f43a29cfc'
System info: host: '9669b422865f', ip: '172.18.0.2', os.name: 'Linux', os.arch: 'amd64', os.version: '4.19.76-linuxkit', java.version: '1.8.0_252'
Driver info: driver.version: unknown
at org.openqa.selenium.grid.distributor.local.LocalDistributor.lambda$newSession$4(LocalDistributor.java:167)
at java.util.Optional.orElseThrow(Optional.java:290)
at org.openqa.selenium.grid.distributor.local.LocalDistributor.newSession(LocalDistributor.java:161)
at org.openqa.selenium.grid.distributor.Distributor.lambda$new$0(Distributor.java:88)
at org.openqa.selenium.remote.http.Route$TemplatizedRoute.handle(Route.java:183)
at org.openqa.selenium.remote.http.Route.execute(Route.java:67)
at org.openqa.selenium.remote.http.Route$CombinedRoute.handle(Route.java:327)
at org.openqa.selenium.remote.http.Route.execute(Route.java:67)
at org.openqa.selenium.grid.distributor.Distributor.execute(Distributor.java:123)
at org.openqa.selenium.remote.tracing.SpanWrappedHttpHandler.execute(SpanWrappedHttpHandler.java:75)
at org.openqa.selenium.remote.http.Filter$1.execute(Filter.java:64)
at org.openqa.selenium.remote.http.Route$CombinedRoute.handle(Route.java:327)
at org.openqa.selenium.remote.http.Route.execute(Route.java:67)
at org.openqa.selenium.grid.router.Router.execute(Router.java:67)
at org.openqa.selenium.remote.http.Route$CombinedRoute.handle(Route.java:327)
at org.openqa.selenium.remote.http.Route.execute(Route.java:67)
at org.openqa.selenium.remote.http.Route$NestedRoute.handle(Route.java:261)
at org.openqa.selenium.remote.http.Route.execute(Route.java:67)
at org.openqa.selenium.remote.http.Route$CombinedRoute.handle(Route.java:327)
at org.openqa.selenium.remote.http.Route.execute(Route.java:67)
at org.openqa.selenium.grid.server.AddWebDriverSpecHeaders.lambda$apply$0(AddWebDriverSpecHeaders.java:30)
at org.openqa.selenium.grid.server.WrapExceptions.lambda$apply$0(WrapExceptions.java:36)
at org.openqa.selenium.remote.http.Filter$1.execute(Filter.java:64)
at org.openqa.selenium.netty.server.SeleniumHandler.lambda$channelRead0$0(SeleniumHandler.java:46)
at java.util.concurrent.Executors$RunnableAdapter.call(Executors.java:511)
at java.util.concurrent.FutureTask.run(FutureTask.java:266)
at java.util.concurrent.ThreadPoolExecutor.runWorker(ThreadPoolExecutor.java:1149)
at java.util.concurrent.ThreadPoolExecutor$Worker.run(ThreadPoolExecutor.java:624)
at java.lang.Thread.run(Thread.java:748)

at sun.reflect.NativeConstructorAccessorImpl.newInstance0(Native Method)
at sun.reflect.NativeConstructorAccessorImpl.newInstance(NativeConstructorAccessorImpl.java:62)
at sun.reflect.DelegatingConstructorAccessorImpl.newInstance(DelegatingConstructorAccessorImpl.java:45)
at java.lang.reflect.Constructor.newInstance(Constructor.java:423)
at org.openqa.selenium.remote.W3CHandshakeResponse.lambda$errorHandler$0(W3CHandshakeResponse.java:62)
at org.openqa.selenium.remote.HandshakeResponse.lambda$getResponseFunction$0(HandshakeResponse.java:30)
at org.openqa.selenium.remote.ProtocolHandshake.lambda$createSession$1(ProtocolHandshake.java:127)
at java.util.stream.ReferencePipeline$3$1.accept(ReferencePipeline.java:193)
at java.util.Spliterators$ArraySpliterator.tryAdvance(Spliterators.java:958)
at java.util.stream.ReferencePipeline.forEachWithCancel(ReferencePipeline.java:126)
at java.util.stream.AbstractPipeline.copyIntoWithCancel(AbstractPipeline.java:498)
at java.util.stream.AbstractPipeline.copyInto(AbstractPipeline.java:485)
at java.util.stream.AbstractPipeline.wrapAndCopyInto(AbstractPipeline.java:471)
at java.util.stream.FindOps$FindOp.evaluateSequential(FindOps.java:152)
at java.util.stream.AbstractPipeline.evaluate(AbstractPipeline.java:234)
at java.util.stream.ReferencePipeline.findFirst(ReferencePipeline.java:464)
at org.openqa.selenium.remote.ProtocolHandshake.createSession(ProtocolHandshake.java:129)
at org.openqa.selenium.remote.ProtocolHandshake.createSession(ProtocolHandshake.java:75)
at org.openqa.selenium.remote.HttpCommandExecutor.execute(HttpCommandExecutor.java:139)
at org.openqa.selenium.remote.RemoteWebDriver.execute(RemoteWebDriver.java:576)
at org.openqa.selenium.remote.RemoteWebDriver.startSession(RemoteWebDriver.java:210)
at org.openqa.selenium.remote.RemoteWebDriver.<init>(RemoteWebDriver.java:130)
at org.openqa.selenium.remote.RemoteWebDriver.<init>(RemoteWebDriver.java:143)
at com.testPage.BaseTest.setUpTest(BaseTest.java:79)
at sun.reflect.NativeMethodAccessorImpl.invoke0(Native Method)
at sun.reflect.NativeMethodAccessorImpl.invoke(NativeMethodAccessorImpl.java:62)
at sun.reflect.DelegatingMethodAccessorImpl.invoke(DelegatingMethodAccessorImpl.java:43)
at java.lang.reflect.Method.invoke(Method.java:498)
at org.testng.internal.MethodInvocationHelper.invokeMethod(MethodInvocationHelper.java:124)
at org.testng.internal.MethodInvocationHelper.invokeMethodConsideringTimeout(MethodInvocationHelper.java:59)
at org.testng.internal.Invoker.invokeConfigurationMethod(Invoker.java:458)
at org.testng.internal.Invoker.invokeConfigurations(Invoker.java:222)
at org.testng.internal.Invoker.invokeMethod(Invoker.java:523)
at org.testng.internal.Invoker.invokeTestMethod(Invoker.java:719)
at org.testng.internal.Invoker.invokeTestMethods(Invoker.java:989)
at org.testng.internal.TestMethodWorker.invokeTestMethods(TestMethodWorker.java:125)
at org.testng.internal.TestMethodWorker.run(TestMethodWorker.java:109)
at java.util.concurrent.ThreadPoolExecutor.runWorker(ThreadPoolExecutor.java:1149)
at java.util.concurrent.ThreadPoolExecutor$Worker.run(ThreadPoolExecutor.java:624)
at java.lang.Thread.run(Thread.java:748)
]]>
            </full-stacktrace>
          </exception> <!-- org.openqa.selenium.SessionNotCreatedException -->
          <reporter-output>
          </reporter-output>
        </test-method> <!-- verifyLoginPageHeaderTest -->
        <test-method status="SKIP" signature="tearDown()[pri:0, instance:com.testPage.LoginPageTest@12cdcf4]" name="tearDown" is-config="true" duration-ms="0" started-at="2020-08-22T19:18:20Z" finished-at="2020-08-22T19:18:20Z">
          <reporter-output>
          </reporter-output>
        </test-method> <!-- tearDown -->
        <test-method status="SKIP" signature="setUpTest(java.lang.String)[pri:0, instance:com.testPage.LoginPageTest@12cdcf4]" name="setUpTest" is-config="true" duration-ms="0" started-at="2020-08-22T19:18:20Z" finished-at="2020-08-22T19:18:20Z">
          <reporter-output>
          </reporter-output>
        </test-method> <!-- setUpTest -->
        <test-method status="SKIP" signature="verifyValidLoginTest()[pri:3, instance:com.testPage.LoginPageTest@12cdcf4]" name="verifyValidLoginTest" duration-ms="0" started-at="2020-08-22T19:18:20Z" finished-at="2020-08-22T19:18:20Z">
          <exception class="org.openqa.selenium.SessionNotCreatedException">
            <message>
              <![CDATA[Unable to find provider for session: Capabilities {browserName: firefox}
Build info: version: '4.0.0-alpha-6', revision: '5f43a29cfc'
System info: host: '9669b422865f', ip: '172.18.0.2', os.name: 'Linux', os.arch: 'amd64', os.version: '4.19.76-linuxkit', java.version: '1.8.0_252'
Driver info: driver.version: unknown
Build info: version: '4.0.0-alpha-3', revision: '8c567de6dc'
System info: host: 'RSLPTP1013', ip: '192.168.1.156', os.name: 'Windows 10', os.arch: 'amd64', os.version: '10.0', java.version: '1.8.0_161'
Driver info: driver.version: RemoteWebDriver
remote stacktrace: org.openqa.selenium.SessionNotCreatedException: Unable to find provider for session: Capabilities {browserName: firefox}
Build info: version: '4.0.0-alpha-6', revision: '5f43a29cfc'
System info: host: '9669b422865f', ip: '172.18.0.2', os.name: 'Linux', os.arch: 'amd64', os.version: '4.19.76-linuxkit', java.version: '1.8.0_252'
Driver info: driver.version: unknown
at org.openqa.selenium.grid.distributor.local.LocalDistributor.lambda$newSession$4(LocalDistributor.java:167)
at java.util.Optional.orElseThrow(Optional.java:290)
at org.openqa.selenium.grid.distributor.local.LocalDistributor.newSession(LocalDistributor.java:161)
at org.openqa.selenium.grid.distributor.Distributor.lambda$new$0(Distributor.java:88)
at org.openqa.selenium.remote.http.Route$TemplatizedRoute.handle(Route.java:183)
at org.openqa.selenium.remote.http.Route.execute(Route.java:67)
at org.openqa.selenium.remote.http.Route$CombinedRoute.handle(Route.java:327)
at org.openqa.selenium.remote.http.Route.execute(Route.java:67)
at org.openqa.selenium.grid.distributor.Distributor.execute(Distributor.java:123)
at org.openqa.selenium.remote.tracing.SpanWrappedHttpHandler.execute(SpanWrappedHttpHandler.java:75)
at org.openqa.selenium.remote.http.Filter$1.execute(Filter.java:64)
at org.openqa.selenium.remote.http.Route$CombinedRoute.handle(Route.java:327)
at org.openqa.selenium.remote.http.Route.execute(Route.java:67)
at org.openqa.selenium.grid.router.Router.execute(Router.java:67)
at org.openqa.selenium.remote.http.Route$CombinedRoute.handle(Route.java:327)
at org.openqa.selenium.remote.http.Route.execute(Route.java:67)
at org.openqa.selenium.remote.http.Route$NestedRoute.handle(Route.java:261)
at org.openqa.selenium.remote.http.Route.execute(Route.java:67)
at org.openqa.selenium.remote.http.Route$CombinedRoute.handle(Route.java:327)
at org.openqa.selenium.remote.http.Route.execute(Route.java:67)
at org.openqa.selenium.grid.server.AddWebDriverSpecHeaders.lambda$apply$0(AddWebDriverSpecHeaders.java:30)
at org.openqa.selenium.grid.server.WrapExceptions.lambda$apply$0(WrapExceptions.java:36)
at org.openqa.selenium.remote.http.Filter$1.execute(Filter.java:64)
at org.openqa.selenium.netty.server.SeleniumHandler.lambda$channelRead0$0(SeleniumHandler.java:46)
at java.util.concurrent.Executors$RunnableAdapter.call(Executors.java:511)
at java.util.concurrent.FutureTask.run(FutureTask.java:266)
at java.util.concurrent.ThreadPoolExecutor.runWorker(ThreadPoolExecutor.java:1149)
at java.util.concurrent.ThreadPoolExecutor$Worker.run(ThreadPoolExecutor.java:624)
at java.lang.Thread.run(Thread.java:748)
]]>
            </message>
            <full-stacktrace>
              <![CDATA[org.openqa.selenium.SessionNotCreatedException: Unable to find provider for session: Capabilities {browserName: firefox}
Build info: version: '4.0.0-alpha-6', revision: '5f43a29cfc'
System info: host: '9669b422865f', ip: '172.18.0.2', os.name: 'Linux', os.arch: 'amd64', os.version: '4.19.76-linuxkit', java.version: '1.8.0_252'
Driver info: driver.version: unknown
Build info: version: '4.0.0-alpha-3', revision: '8c567de6dc'
System info: host: 'RSLPTP1013', ip: '192.168.1.156', os.name: 'Windows 10', os.arch: 'amd64', os.version: '10.0', java.version: '1.8.0_161'
Driver info: driver.version: RemoteWebDriver
remote stacktrace: org.openqa.selenium.SessionNotCreatedException: Unable to find provider for session: Capabilities {browserName: firefox}
Build info: version: '4.0.0-alpha-6', revision: '5f43a29cfc'
System info: host: '9669b422865f', ip: '172.18.0.2', os.name: 'Linux', os.arch: 'amd64', os.version: '4.19.76-linuxkit', java.version: '1.8.0_252'
Driver info: driver.version: unknown
at org.openqa.selenium.grid.distributor.local.LocalDistributor.lambda$newSession$4(LocalDistributor.java:167)
at java.util.Optional.orElseThrow(Optional.java:290)
at org.openqa.selenium.grid.distributor.local.LocalDistributor.newSession(LocalDistributor.java:161)
at org.openqa.selenium.grid.distributor.Distributor.lambda$new$0(Distributor.java:88)
at org.openqa.selenium.remote.http.Route$TemplatizedRoute.handle(Route.java:183)
at org.openqa.selenium.remote.http.Route.execute(Route.java:67)
at org.openqa.selenium.remote.http.Route$CombinedRoute.handle(Route.java:327)
at org.openqa.selenium.remote.http.Route.execute(Route.java:67)
at org.openqa.selenium.grid.distributor.Distributor.execute(Distributor.java:123)
at org.openqa.selenium.remote.tracing.SpanWrappedHttpHandler.execute(SpanWrappedHttpHandler.java:75)
at org.openqa.selenium.remote.http.Filter$1.execute(Filter.java:64)
at org.openqa.selenium.remote.http.Route$CombinedRoute.handle(Route.java:327)
at org.openqa.selenium.remote.http.Route.execute(Route.java:67)
at org.openqa.selenium.grid.router.Router.execute(Router.java:67)
at org.openqa.selenium.remote.http.Route$CombinedRoute.handle(Route.java:327)
at org.openqa.selenium.remote.http.Route.execute(Route.java:67)
at org.openqa.selenium.remote.http.Route$NestedRoute.handle(Route.java:261)
at org.openqa.selenium.remote.http.Route.execute(Route.java:67)
at org.openqa.selenium.remote.http.Route$CombinedRoute.handle(Route.java:327)
at org.openqa.selenium.remote.http.Route.execute(Route.java:67)
at org.openqa.selenium.grid.server.AddWebDriverSpecHeaders.lambda$apply$0(AddWebDriverSpecHeaders.java:30)
at org.openqa.selenium.grid.server.WrapExceptions.lambda$apply$0(WrapExceptions.java:36)
at org.openqa.selenium.remote.http.Filter$1.execute(Filter.java:64)
at org.openqa.selenium.netty.server.SeleniumHandler.lambda$channelRead0$0(SeleniumHandler.java:46)
at java.util.concurrent.Executors$RunnableAdapter.call(Executors.java:511)
at java.util.concurrent.FutureTask.run(FutureTask.java:266)
at java.util.concurrent.ThreadPoolExecutor.runWorker(ThreadPoolExecutor.java:1149)
at java.util.concurrent.ThreadPoolExecutor$Worker.run(ThreadPoolExecutor.java:624)
at java.lang.Thread.run(Thread.java:748)

at sun.reflect.NativeConstructorAccessorImpl.newInstance0(Native Method)
at sun.reflect.NativeConstructorAccessorImpl.newInstance(NativeConstructorAccessorImpl.java:62)
at sun.reflect.DelegatingConstructorAccessorImpl.newInstance(DelegatingConstructorAccessorImpl.java:45)
at java.lang.reflect.Constructor.newInstance(Constructor.java:423)
at org.openqa.selenium.remote.W3CHandshakeResponse.lambda$errorHandler$0(W3CHandshakeResponse.java:62)
at org.openqa.selenium.remote.HandshakeResponse.lambda$getResponseFunction$0(HandshakeResponse.java:30)
at org.openqa.selenium.remote.ProtocolHandshake.lambda$createSession$1(ProtocolHandshake.java:127)
at java.util.stream.ReferencePipeline$3$1.accept(ReferencePipeline.java:193)
at java.util.Spliterators$ArraySpliterator.tryAdvance(Spliterators.java:958)
at java.util.stream.ReferencePipeline.forEachWithCancel(ReferencePipeline.java:126)
at java.util.stream.AbstractPipeline.copyIntoWithCancel(AbstractPipeline.java:498)
at java.util.stream.AbstractPipeline.copyInto(AbstractPipeline.java:485)
at java.util.stream.AbstractPipeline.wrapAndCopyInto(AbstractPipeline.java:471)
at java.util.stream.FindOps$FindOp.evaluateSequential(FindOps.java:152)
at java.util.stream.AbstractPipeline.evaluate(AbstractPipeline.java:234)
at java.util.stream.ReferencePipeline.findFirst(ReferencePipeline.java:464)
at org.openqa.selenium.remote.ProtocolHandshake.createSession(ProtocolHandshake.java:129)
at org.openqa.selenium.remote.ProtocolHandshake.createSession(ProtocolHandshake.java:75)
at org.openqa.selenium.remote.HttpCommandExecutor.execute(HttpCommandExecutor.java:139)
at org.openqa.selenium.remote.RemoteWebDriver.execute(RemoteWebDriver.java:576)
at org.openqa.selenium.remote.RemoteWebDriver.startSession(RemoteWebDriver.java:210)
at org.openqa.selenium.remote.RemoteWebDriver.<init>(RemoteWebDriver.java:130)
at org.openqa.selenium.remote.RemoteWebDriver.<init>(RemoteWebDriver.java:143)
at com.testPage.BaseTest.setUpTest(BaseTest.java:79)
at sun.reflect.NativeMethodAccessorImpl.invoke0(Native Method)
at sun.reflect.NativeMethodAccessorImpl.invoke(NativeMethodAccessorImpl.java:62)
at sun.reflect.DelegatingMethodAccessorImpl.invoke(DelegatingMethodAccessorImpl.java:43)
at java.lang.reflect.Method.invoke(Method.java:498)
at org.testng.internal.MethodInvocationHelper.invokeMethod(MethodInvocationHelper.java:124)
at org.testng.internal.MethodInvocationHelper.invokeMethodConsideringTimeout(MethodInvocationHelper.java:59)
at org.testng.internal.Invoker.invokeConfigurationMethod(Invoker.java:458)
at org.testng.internal.Invoker.invokeConfigurations(Invoker.java:222)
at org.testng.internal.Invoker.invokeMethod(Invoker.java:523)
at org.testng.internal.Invoker.invokeTestMethod(Invoker.java:719)
at org.testng.internal.Invoker.invokeTestMethods(Invoker.java:989)
at org.testng.internal.TestMethodWorker.invokeTestMethods(TestMethodWorker.java:125)
at org.testng.internal.TestMethodWorker.run(TestMethodWorker.java:109)
at java.util.concurrent.ThreadPoolExecutor.runWorker(ThreadPoolExecutor.java:1149)
at java.util.concurrent.ThreadPoolExecutor$Worker.run(ThreadPoolExecutor.java:624)
at java.lang.Thread.run(Thread.java:748)
]]>
            </full-stacktrace>
          </exception> <!-- org.openqa.selenium.SessionNotCreatedException -->
          <reporter-output>
          </reporter-output>
        </test-method> <!-- verifyValidLoginTest -->
        <test-method status="SKIP" signature="tearDown()[pri:0, instance:com.testPage.LoginPageTest@12cdcf4]" name="tearDown" is-config="true" duration-ms="0" started-at="2020-08-22T19:18:20Z" finished-at="2020-08-22T19:18:20Z">
          <reporter-output>
          </reporter-output>
        </test-method> <!-- tearDown -->
      </class> <!-- com.testPage.LoginPageTest -->
    </test> <!-- hubspot test firefox -->
  </suite> <!-- Suite -->
</testng-results>
